<?xml version="1.0" encoding="UTF-8"?>
<testsuite xmlns:xsi="http://www.w3.org/2001/XMLSchema-instance" xsi:noNamespaceSchemaLocation="https://maven.apache.org/surefire/maven-surefire-plugin/xsd/surefire-test-report-3.0.xsd" version="3.0" name="samples.MySpecTest" time="0.077" tests="1" errors="0" skipped="0" failures="0">
  <properties>
    <property name="java.specification.version" value="17"/>
    <property name="sun.jnu.encoding" value="UTF-8"/>
    <property name="java.class.path" value="/Users/arabinovich/dev/Junit5Specs2SurefireTestName/target/test-classes:/Users/arabinovich/dev/Junit5Specs2SurefireTestName/target/classes:/Users/arabinovich/.m2/repository/org/scala-lang/scala-library/2.13.8/scala-library-2.13.8.jar:/Users/arabinovich/.m2/repository/org/specs2/specs2-core_2.13/4.12.1-junit-5/specs2-core_2.13-4.12.1-junit-5.jar:/Users/arabinovich/.m2/repository/org/specs2/specs2-matcher_2.13/4.12.1-junit-5/specs2-matcher_2.13-4.12.1-junit-5.jar:/Users/arabinovich/.m2/repository/org/specs2/specs2-common_2.13/4.12.1-junit-5/specs2-common_2.13-4.12.1-junit-5.jar:/Users/arabinovich/.m2/repository/org/specs2/specs2-fp_2.13/4.12.1-junit-5/specs2-fp_2.13-4.12.1-junit-5.jar:/Users/arabinovich/.m2/repository/org/scala-lang/scala-reflect/2.13.6/scala-reflect-2.13.6.jar:/Users/arabinovich/.m2/repository/org/scala-lang/modules/scala-parser-combinators_2.13/2.0.0/scala-parser-combinators_2.13-2.0.0.jar:/Users/arabinovich/.m2/repository/org/scala-sbt/test-interface/1.0/test-interface-1.0.jar:/Users/arabinovich/.m2/repository/org/portable-scala/portable-scala-reflect_2.13/1.1.1/portable-scala-reflect_2.13-1.1.1.jar:/Users/arabinovich/.m2/repository/org/specs2/specs2-junit_2.13/4.12.1-junit-5/specs2-junit_2.13-4.12.1-junit-5.jar:/Users/arabinovich/.m2/repository/org/junit/vintage/junit-vintage-engine/5.3.1/junit-vintage-engine-5.3.1.jar:/Users/arabinovich/.m2/repository/org/apiguardian/apiguardian-api/1.0.0/apiguardian-api-1.0.0.jar:/Users/arabinovich/.m2/repository/org/junit/platform/junit-platform-engine/1.3.1/junit-platform-engine-1.3.1.jar:/Users/arabinovich/.m2/repository/org/junit/platform/junit-platform-commons/1.3.1/junit-platform-commons-1.3.1.jar:/Users/arabinovich/.m2/repository/org/opentest4j/opentest4j/1.1.1/opentest4j-1.1.1.jar:/Users/arabinovich/.m2/repository/junit/junit/4.12/junit-4.12.jar:/Users/arabinovich/.m2/repository/org/hamcrest/hamcrest-core/1.3/hamcrest-core-1.3.jar:/Users/arabinovich/.m2/repository/org/scala-lang/modules/scala-xml_2.13/1.3.0/scala-xml_2.13-1.3.0.jar:"/>
    <property name="java.vm.vendor" value="Homebrew"/>
    <property name="sun.arch.data.model" value="64"/>
    <property name="java.vendor.url" value="https://github.com/Homebrew/homebrew-core/issues"/>
    <property name="os.name" value="Mac OS X"/>
    <property name="java.vm.specification.version" value="17"/>
    <property name="sun.java.launcher" value="SUN_STANDARD"/>
    <property name="user.country" value="IL"/>
    <property name="sun.boot.library.path" value="/opt/homebrew/Cellar/openjdk@17/17.0.4.1_1/libexec/openjdk.jdk/Contents/Home/lib"/>
    <property name="sun.java.command" value="/Users/arabinovich/dev/Junit5Specs2SurefireTestName/target/surefire/surefirebooter-20221011131533629_3.jar /Users/arabinovich/dev/Junit5Specs2SurefireTestName/target/surefire 2022-10-11T13-15-33_151-jvmRun1 surefire-20221011131533629_1tmp surefire_0-20221011131533629_2tmp"/>
    <property name="jdk.debug" value="release"/>
    <property name="surefire.test.class.path" value="/Users/arabinovich/dev/Junit5Specs2SurefireTestName/target/test-classes:/Users/arabinovich/dev/Junit5Specs2SurefireTestName/target/classes:/Users/arabinovich/.m2/repository/org/scala-lang/scala-library/2.13.8/scala-library-2.13.8.jar:/Users/arabinovich/.m2/repository/org/specs2/specs2-core_2.13/4.12.1-junit-5/specs2-core_2.13-4.12.1-junit-5.jar:/Users/arabinovich/.m2/repository/org/specs2/specs2-matcher_2.13/4.12.1-junit-5/specs2-matcher_2.13-4.12.1-junit-5.jar:/Users/arabinovich/.m2/repository/org/specs2/specs2-common_2.13/4.12.1-junit-5/specs2-common_2.13-4.12.1-junit-5.jar:/Users/arabinovich/.m2/repository/org/specs2/specs2-fp_2.13/4.12.1-junit-5/specs2-fp_2.13-4.12.1-junit-5.jar:/Users/arabinovich/.m2/repository/org/scala-lang/scala-reflect/2.13.6/scala-reflect-2.13.6.jar:/Users/arabinovich/.m2/repository/org/scala-lang/modules/scala-parser-combinators_2.13/2.0.0/scala-parser-combinators_2.13-2.0.0.jar:/Users/arabinovich/.m2/repository/org/scala-sbt/test-interface/1.0/test-interface-1.0.jar:/Users/arabinovich/.m2/repository/org/portable-scala/portable-scala-reflect_2.13/1.1.1/portable-scala-reflect_2.13-1.1.1.jar:/Users/arabinovich/.m2/repository/org/specs2/specs2-junit_2.13/4.12.1-junit-5/specs2-junit_2.13-4.12.1-junit-5.jar:/Users/arabinovich/.m2/repository/org/junit/vintage/junit-vintage-engine/5.3.1/junit-vintage-engine-5.3.1.jar:/Users/arabinovich/.m2/repository/org/apiguardian/apiguardian-api/1.0.0/apiguardian-api-1.0.0.jar:/Users/arabinovich/.m2/repository/org/junit/platform/junit-platform-engine/1.3.1/junit-platform-engine-1.3.1.jar:/Users/arabinovich/.m2/repository/org/junit/platform/junit-platform-commons/1.3.1/junit-platform-commons-1.3.1.jar:/Users/arabinovich/.m2/repository/org/opentest4j/opentest4j/1.1.1/opentest4j-1.1.1.jar:/Users/arabinovich/.m2/repository/junit/junit/4.12/junit-4.12.jar:/Users/arabinovich/.m2/repository/org/hamcrest/hamcrest-core/1.3/hamcrest-core-1.3.jar:/Users/arabinovich/.m2/repository/org/scala-lang/modules/scala-xml_2.13/1.3.0/scala-xml_2.13-1.3.0.jar:"/>
    <property name="sun.cpu.endian" value="little"/>
    <property name="user.home" value="/Users/arabinovich"/>
    <property name="user.language" value="en"/>
    <property name="java.specification.vendor" value="Oracle Corporation"/>
    <property name="java.version.date" value="2022-08-12"/>
    <property name="java.home" value="/opt/homebrew/Cellar/openjdk@17/17.0.4.1_1/libexec/openjdk.jdk/Contents/Home"/>
    <property name="file.separator" value="/"/>
    <property name="basedir" value="/Users/arabinovich/dev/Junit5Specs2SurefireTestName"/>
    <property name="java.vm.compressedOopsMode" value="Zero based"/>
    <property name="line.separator" value="&#10;"/>
    <property name="java.vm.specification.vendor" value="Oracle Corporation"/>
    <property name="java.specification.name" value="Java Platform API Specification"/>
    <property name="surefire.real.class.path" value="/Users/arabinovich/dev/Junit5Specs2SurefireTestName/target/surefire/surefirebooter-20221011131533629_3.jar"/>
    <property name="sun.management.compiler" value="HotSpot 64-Bit Tiered Compilers"/>
    <property name="java.runtime.version" value="17.0.4.1+1"/>
    <property name="user.name" value="arabinovich"/>
    <property name="path.separator" value=":"/>
    <property name="os.version" value="12.6"/>
    <property name="java.runtime.name" value="OpenJDK Runtime Environment"/>
    <property name="file.encoding" value="US-ASCII"/>
    <property name="java.vm.name" value="OpenJDK 64-Bit Server VM"/>
    <property name="java.vendor.version" value="Homebrew"/>
    <property name="localRepository" value="/Users/arabinovich/.m2/repository"/>
    <property name="java.vendor.url.bug" value="https://github.com/Homebrew/homebrew-core/issues"/>
    <property name="java.io.tmpdir" value="/var/folders/l6/1hb64x9x5rsb5rh780d8_btr0000gn/T/"/>
    <property name="java.version" value="17.0.4.1"/>
    <property name="user.dir" value="/Users/arabinovich/dev/Junit5Specs2SurefireTestName"/>
    <property name="os.arch" value="aarch64"/>
    <property name="java.vm.specification.name" value="Java Virtual Machine Specification"/>
    <property name="native.encoding" value="US-ASCII"/>
    <property name="java.library.path" value="/Users/arabinovich/Library/Java/Extensions:/Library/Java/Extensions:/Network/Library/Java/Extensions:/System/Library/Java/Extensions:/usr/lib/java:."/>
    <property name="java.vm.info" value="mixed mode, sharing"/>
    <property name="java.vendor" value="Homebrew"/>
    <property name="java.vm.version" value="17.0.4.1+1"/>
    <property name="sun.io.unicode.encoding" value="UnicodeBig"/>
    <property name="java.class.version" value="61.0"/>
  </properties>
  <testcase name="" classname="samples.MySpecTest" time="0.001"/>
</testsuite>